**************************************************************************************************************************************************************
*   The following results were generated the 12/16/2016 at 12:47:46 PM with Fstat for windows, V2.9.3  2 (Feb. 2002) from file genpop_champ_ontarioScul.dat. *
**************************************************************************************************************************************************************
      		  pop1	  pop2	  pop3	  pop4	  pop5	  pop6	  pop7	  pop8	  pop9	 All_W	All_UW
	    Locus: Allele
	     N	    30	    27	    31	    31	    17	    30	    30	    24	    24
	p:   1	 0.017	 0.000	 0.000	 0.000	 0.000	 0.000	 0.000	 0.000	 0.000	 0.002	 0.002
	p:   2	 0.017	 0.019	 0.032	 0.016	 0.029	 0.017	 0.017	 0.000	 0.000	 0.016	 0.016
	p:   3	 0.167	 0.204	 0.194	 0.113	 0.294	 0.233	 0.300	 0.604	 0.750	 0.301	 0.318
	p:   4	 0.017	 0.000	 0.048	 0.032	 0.059	 0.017	 0.017	 0.000	 0.000	 0.020	 0.021
	p:   5	 0.117	 0.074	 0.113	 0.097	 0.088	 0.067	 0.083	 0.042	 0.042	 0.082	 0.080
	p:   6	 0.067	 0.037	 0.032	 0.097	 0.029	 0.050	 0.117	 0.250	 0.188	 0.094	 0.096
	p:   7	 0.017	 0.019	 0.000	 0.016	 0.000	 0.017	 0.000	 0.000	 0.000	 0.008	 0.008
	p:   8	 0.200	 0.259	 0.177	 0.258	 0.176	 0.200	 0.117	 0.063	 0.021	 0.168	 0.163
	p:   9	 0.000	 0.000	 0.000	 0.000	 0.000	 0.000	 0.000	 0.042	 0.000	 0.004	 0.005
	p:  10	 0.367	 0.352	 0.355	 0.339	 0.294	 0.367	 0.350	 0.000	 0.000	 0.281	 0.269
	p:  11	 0.000	 0.019	 0.032	 0.000	 0.029	 0.017	 0.000	 0.000	 0.000	 0.010	 0.011
	p:  12	 0.017	 0.019	 0.016	 0.016	 0.000	 0.017	 0.000	 0.000	 0.000	 0.010	 0.009
	p:  13	 0.000	 0.000	 0.000	 0.016	 0.000	 0.000	 0.000	 0.000	 0.000	 0.002	 0.002
												

	    Locus: Allele
	     N	    30	    26	    31	    30	    17	    30	    26	    22	    24
	p:   1	 0.000	 0.000	 0.000	 0.000	 0.000	 0.017	 0.000	 0.000	 0.000	 0.002	 0.002
	p:   2	 0.200	 0.173	 0.242	 0.150	 0.147	 0.183	 0.212	 0.091	 0.021	 0.163	 0.158
	p:   3	 0.167	 0.115	 0.097	 0.150	 0.176	 0.150	 0.173	 0.273	 0.375	 0.180	 0.186
	p:   4	 0.017	 0.038	 0.032	 0.133	 0.029	 0.033	 0.000	 0.023	 0.000	 0.036	 0.034
	p:   5	 0.133	 0.115	 0.113	 0.083	 0.147	 0.117	 0.115	 0.000	 0.021	 0.095	 0.094
	p:   6	 0.000	 0.038	 0.016	 0.033	 0.029	 0.017	 0.019	 0.045	 0.063	 0.028	 0.029
	p:   7	 0.150	 0.077	 0.129	 0.100	 0.088	 0.050	 0.077	 0.023	 0.021	 0.083	 0.079
	p:   8	 0.017	 0.096	 0.016	 0.017	 0.029	 0.033	 0.019	 0.000	 0.000	 0.025	 0.025
	p:   9	 0.133	 0.077	 0.081	 0.167	 0.176	 0.217	 0.269	 0.500	 0.354	 0.210	 0.219
	p:  10	 0.000	 0.000	 0.000	 0.000	 0.000	 0.000	 0.000	 0.000	 0.042	 0.004	 0.005
	p:  11	 0.017	 0.000	 0.081	 0.000	 0.029	 0.000	 0.019	 0.023	 0.042	 0.023	 0.023
	p:  12	 0.000	 0.019	 0.000	 0.000	 0.000	 0.000	 0.000	 0.000	 0.000	 0.002	 0.002
	p:  13	 0.017	 0.019	 0.000	 0.033	 0.000	 0.050	 0.019	 0.000	 0.000	 0.017	 0.015
	p:  14	 0.000	 0.000	 0.032	 0.000	 0.000	 0.000	 0.019	 0.000	 0.000	 0.006	 0.006
	p:  15	 0.133	 0.212	 0.129	 0.133	 0.088	 0.117	 0.058	 0.000	 0.042	 0.106	 0.101
	p:  16	 0.017	 0.000	 0.016	 0.000	 0.029	 0.000	 0.000	 0.023	 0.000	 0.008	 0.009
	p:  17	 0.000	 0.019	 0.016	 0.000	 0.029	 0.017	 0.000	 0.000	 0.021	 0.011	 0.011
												

	    Locus: Allele
	     N	    28	    25	    29	    30	    15	    26	    26	    24	    24
	p:   1	 0.071	 0.060	 0.207	 0.083	 0.100	 0.019	 0.058	 0.000	 0.000	 0.068	 0.067
	p:   2	 0.000	 0.000	 0.000	 0.017	 0.000	 0.000	 0.000	 0.000	 0.000	 0.002	 0.002
	p:   3	 0.214	 0.240	 0.207	 0.183	 0.167	 0.212	 0.231	 0.292	 0.271	 0.225	 0.224
	p:   4	 0.089	 0.080	 0.052	 0.050	 0.100	 0.096	 0.077	 0.000	 0.000	 0.059	 0.060
	p:   5	 0.000	 0.000	 0.000	 0.000	 0.000	 0.000	 0.019	 0.000	 0.000	 0.002	 0.002
	p:   6	 0.018	 0.020	 0.000	 0.000	 0.000	 0.000	 0.000	 0.042	 0.000	 0.009	 0.009
	p:   7	 0.000	 0.000	 0.000	 0.017	 0.000	 0.000	 0.000	 0.021	 0.000	 0.004	 0.004
	p:   8	 0.018	 0.040	 0.034	 0.033	 0.000	 0.077	 0.077	 0.021	 0.146	 0.051	 0.050
	p:   9	 0.000	 0.000	 0.000	 0.000	 0.000	 0.000	 0.019	 0.000	 0.000	 0.002	 0.002
	p:  10	 0.536	 0.560	 0.500	 0.600	 0.600	 0.558	 0.500	 0.563	 0.542	 0.548	 0.551
	p:  11	 0.000	 0.000	 0.000	 0.000	 0.000	 0.000	 0.000	 0.000	 0.042	 0.004	 0.005
	p:  12	 0.036	 0.000	 0.000	 0.017	 0.033	 0.038	 0.019	 0.063	 0.000	 0.022	 0.023
	p:  13	 0.018	 0.000	 0.000	 0.000	 0.000	 0.000	 0.000	 0.000	 0.000	 0.002	 0.002
												

	    Locus: Allele
	     N	    30	    27	    31	    31	    17	    30	    30	    24	    24
	p:   1	 0.083	 0.093	 0.097	 0.048	 0.059	 0.017	 0.067	 0.125	 0.125	 0.078	 0.079
	p:   2	 0.000	 0.019	 0.000	 0.016	 0.000	 0.000	 0.000	 0.000	 0.000	 0.004	 0.004
	p:   3	 0.817	 0.796	 0.694	 0.710	 0.794	 0.867	 0.850	 0.813	 0.854	 0.797	 0.799
	p:   4	 0.100	 0.093	 0.194	 0.226	 0.147	 0.117	 0.083	 0.063	 0.021	 0.119	 0.116
	p:   5	 0.000	 0.000	 0.016	 0.000	 0.000	 0.000	 0.000	 0.000	 0.000	 0.002	 0.002
												

	    Locus: Allele
	     N	    30	    27	    31	    30	    15	    30	    26	    24	    24
	p:   1	 0.983	 1.000	 1.000	 1.000	 1.000	 1.000	 1.000	 1.000	 1.000	 0.998	 0.998
	p:   2	 0.017	 0.000	 0.000	 0.000	 0.000	 0.000	 0.000	 0.000	 0.000	 0.002	 0.002
												

	    Locus: Allele
	     N	    30	    30	    29	    30	    18	    30	    30	    24	    24
	p:   1	 0.017	 0.000	 0.017	 0.000	 0.000	 0.033	 0.000	 0.000	 0.000	 0.008	 0.007
	p:   2	 0.000	 0.000	 0.000	 0.017	 0.000	 0.033	 0.017	 0.000	 0.000	 0.008	 0.007
	p:   3	 0.233	 0.250	 0.259	 0.233	 0.222	 0.283	 0.317	 0.063	 0.042	 0.218	 0.211
	p:   4	 0.350	 0.333	 0.379	 0.433	 0.333	 0.283	 0.283	 0.438	 0.583	 0.376	 0.380
	p:   5	 0.300	 0.217	 0.190	 0.150	 0.278	 0.200	 0.233	 0.104	 0.063	 0.194	 0.193
	p:   6	 0.050	 0.150	 0.086	 0.100	 0.056	 0.083	 0.100	 0.188	 0.188	 0.110	 0.111
	p:   7	 0.033	 0.033	 0.069	 0.050	 0.028	 0.083	 0.050	 0.167	 0.104	 0.067	 0.069
	p:   8	 0.017	 0.017	 0.000	 0.000	 0.028	 0.000	 0.000	 0.042	 0.021	 0.012	 0.014
	p:   9	 0.000	 0.000	 0.000	 0.000	 0.056	 0.000	 0.000	 0.000	 0.000	 0.004	 0.006
	p:  10	 0.000	 0.000	 0.000	 0.017	 0.000	 0.000	 0.000	 0.000	 0.000	 0.002	 0.002
												

	    Locus: Allele
	     N	    29	    30	    30	    30	    17	    29	    28	    24	    24
	p:   1	 0.000	 0.000	 0.017	 0.000	 0.000	 0.000	 0.000	 0.000	 0.000	 0.002	 0.002
	p:   2	 0.034	 0.000	 0.000	 0.000	 0.000	 0.000	 0.000	 0.000	 0.021	 0.006	 0.006
	p:   3	 0.000	 0.000	 0.017	 0.017	 0.000	 0.000	 0.000	 0.000	 0.000	 0.004	 0.004
	p:   4	 0.431	 0.483	 0.350	 0.300	 0.529	 0.466	 0.393	 0.854	 0.875	 0.504	 0.520
	p:   5	 0.431	 0.350	 0.467	 0.533	 0.382	 0.328	 0.482	 0.125	 0.104	 0.365	 0.356
	p:   6	 0.103	 0.150	 0.150	 0.150	 0.088	 0.190	 0.125	 0.021	 0.000	 0.114	 0.109
	p:   7	 0.000	 0.017	 0.000	 0.000	 0.000	 0.017	 0.000	 0.000	 0.000	 0.004	 0.004
												

	    Locus: Allele
	     N	    29	    30	    30	    30	    17	    29	    30	    24	    22
	p:   1	 0.000	 0.083	 0.017	 0.017	 0.059	 0.017	 0.033	 0.042	 0.000	 0.029	 0.030
	p:   2	 0.017	 0.033	 0.033	 0.017	 0.059	 0.000	 0.017	 0.000	 0.000	 0.019	 0.020
	p:   3	 0.017	 0.017	 0.000	 0.000	 0.000	 0.017	 0.000	 0.000	 0.000	 0.006	 0.006
	p:   4	 0.000	 0.000	 0.000	 0.000	 0.000	 0.000	 0.017	 0.000	 0.000	 0.002	 0.002
	p:   5	 0.259	 0.200	 0.250	 0.250	 0.176	 0.293	 0.300	 0.000	 0.000	 0.203	 0.192
	p:   6	 0.000	 0.000	 0.000	 0.000	 0.000	 0.017	 0.000	 0.000	 0.000	 0.002	 0.002
	p:   7	 0.000	 0.000	 0.017	 0.000	 0.000	 0.000	 0.000	 0.000	 0.000	 0.002	 0.002
	p:   8	 0.017	 0.017	 0.050	 0.017	 0.000	 0.000	 0.000	 0.021	 0.068	 0.021	 0.021
	p:   9	 0.000	 0.000	 0.017	 0.000	 0.029	 0.000	 0.000	 0.000	 0.023	 0.006	 0.008
	p:  10	 0.017	 0.000	 0.000	 0.017	 0.000	 0.017	 0.000	 0.021	 0.000	 0.008	 0.008
	p:  11	 0.086	 0.033	 0.083	 0.117	 0.118	 0.034	 0.033	 0.000	 0.068	 0.062	 0.064
	p:  12	 0.121	 0.167	 0.117	 0.167	 0.147	 0.155	 0.117	 0.083	 0.068	 0.129	 0.127
	p:  13	 0.000	 0.067	 0.017	 0.017	 0.000	 0.069	 0.050	 0.042	 0.091	 0.039	 0.039
	p:  14	 0.069	 0.083	 0.000	 0.050	 0.029	 0.000	 0.050	 0.208	 0.136	 0.066	 0.070
	p:  15	 0.052	 0.017	 0.083	 0.050	 0.118	 0.069	 0.050	 0.125	 0.091	 0.068	 0.073
	p:  16	 0.017	 0.033	 0.050	 0.083	 0.000	 0.052	 0.033	 0.083	 0.136	 0.054	 0.054
	p:  17	 0.103	 0.033	 0.067	 0.033	 0.088	 0.052	 0.150	 0.083	 0.023	 0.071	 0.070
	p:  18	 0.069	 0.050	 0.033	 0.067	 0.088	 0.069	 0.100	 0.063	 0.068	 0.066	 0.067
	p:  19	 0.103	 0.133	 0.050	 0.050	 0.088	 0.069	 0.017	 0.042	 0.068	 0.068	 0.069
	p:  20	 0.000	 0.017	 0.067	 0.050	 0.000	 0.017	 0.017	 0.063	 0.068	 0.033	 0.033
	p:  21	 0.017	 0.017	 0.033	 0.000	 0.000	 0.017	 0.000	 0.063	 0.000	 0.017	 0.016
	p:  22	 0.034	 0.000	 0.000	 0.000	 0.000	 0.034	 0.017	 0.000	 0.000	 0.010	 0.010
	p:  23	 0.000	 0.000	 0.017	 0.000	 0.000	 0.000	 0.000	 0.042	 0.045	 0.010	 0.012
	p:  24	 0.000	 0.000	 0.000	 0.000	 0.000	 0.000	 0.000	 0.021	 0.023	 0.004	 0.005
	p:  25	 0.000	 0.000	 0.000	 0.000	 0.000	 0.000	 0.000	 0.000	 0.023	 0.002	 0.003
												

	    Locus: Allele
	     N	    29	    30	    29	    30	    17	    29	    28	    24	    23
	p:   1	 0.000	 0.000	 0.000	 0.000	 0.000	 0.000	 0.000	 0.000	 0.022	 0.002	 0.002
	p:   2	 0.000	 0.000	 0.017	 0.000	 0.000	 0.017	 0.018	 0.000	 0.000	 0.006	 0.006
	p:   3	 0.103	 0.067	 0.052	 0.017	 0.059	 0.052	 0.054	 0.083	 0.087	 0.063	 0.064
	p:   4	 0.086	 0.067	 0.086	 0.033	 0.059	 0.069	 0.089	 0.042	 0.000	 0.061	 0.059
	p:   5	 0.534	 0.617	 0.569	 0.700	 0.706	 0.621	 0.429	 0.646	 0.609	 0.598	 0.603
	p:   6	 0.190	 0.250	 0.190	 0.200	 0.118	 0.190	 0.357	 0.083	 0.174	 0.201	 0.195
	p:   7	 0.086	 0.000	 0.069	 0.050	 0.059	 0.052	 0.054	 0.083	 0.087	 0.059	 0.060
	p:   8	 0.000	 0.000	 0.017	 0.000	 0.000	 0.000	 0.000	 0.021	 0.022	 0.006	 0.007
	p:   9	 0.000	 0.000	 0.000	 0.000	 0.000	 0.000	 0.000	 0.021	 0.000	 0.002	 0.002
	p:  10	 0.000	 0.000	 0.000	 0.000	 0.000	 0.000	 0.000	 0.021	 0.000	 0.002	 0.002
												

************************************************

	Gene diversity per locus and population : 
	Allele	 0.791	 0.773	 0.801	 0.798	 0.809	 0.775	 0.764	 0.580	 0.409
	Allele	 0.870	 0.892	 0.883	 0.889	 0.901	 0.877	 0.846	 0.679	 0.736
	Allele	 0.665	 0.626	 0.670	 0.605	 0.612	 0.639	 0.693	 0.601	 0.622
	Allele	 0.322	 0.355	 0.480	 0.450	 0.353	 0.239	 0.270	 0.329	 0.259
	Allele	 0.033	 0.000	 0.000	 0.000	 0.000	 0.000	 0.000	 0.000	 0.000
	Allele	 0.742	 0.768	 0.756	 0.734	 0.775	 0.797	 0.763	 0.744	 0.620
	Allele	 0.625	 0.629	 0.647	 0.614	 0.579	 0.650	 0.605	 0.259	 0.227
	Allele	 0.891	 0.903	 0.904	 0.888	 0.915	 0.875	 0.867	 0.919	 0.939
	Allele	 0.666	 0.557	 0.636	 0.476	 0.491	 0.579	 0.690	 0.569	 0.599

************************************************

	number of alleles sampled : 
	Allele	    10	     9	     9	    10	     8	    10	     7	     5	     4	    13
	Allele	    11	    12	    13	    10	    12	    12	    11	     8	    10	    17
	Allele	     8	     6	     5	     8	     5	     6	     8	     6	     4	    13
	Allele	     3	     4	     4	     4	     3	     3	     3	     3	     3	     5
	Allele	     2	     1	     1	     1	     1	     1	     1	     1	     1	     2
	Allele	     7	     6	     6	     7	     7	     7	     6	     6	     6	    10
	Allele	     4	     4	     5	     4	     3	     4	     3	     3	     3	     7
	Allele	    15	    16	    17	    15	    11	    16	    15	    15	    15	    25
	Allele	     5	     4	     7	     5	     5	     6	     6	     8	     6	    10
**************************************************************************************************************************************************************
*   The following results were generated the 12/16/2016 at 12:49:50 PM with Fstat for windows, V2.9.3  2 (Feb. 2002) from file genpop_champ_ontarioScul.dat. *
**************************************************************************************************************************************************************
      		  pop1	  pop2	  pop3	  pop4	  pop5	  pop6	  pop7	  pop8	  pop9	 All_W	All_UW
************************************************

	Gene diversity per locus and population : 
	Allele	 0.791	 0.773	 0.801	 0.798	 0.809	 0.775	 0.764	 0.580	 0.409
	Allele	 0.870	 0.892	 0.883	 0.889	 0.901	 0.877	 0.846	 0.679	 0.736
	Allele	 0.665	 0.626	 0.670	 0.605	 0.612	 0.639	 0.693	 0.601	 0.622
	Allele	 0.322	 0.355	 0.480	 0.450	 0.353	 0.239	 0.270	 0.329	 0.259
	Allele	 0.033	 0.000	 0.000	 0.000	 0.000	 0.000	 0.000	 0.000	 0.000
	Allele	 0.742	 0.768	 0.756	 0.734	 0.775	 0.797	 0.763	 0.744	 0.620
	Allele	 0.625	 0.629	 0.647	 0.614	 0.579	 0.650	 0.605	 0.259	 0.227
	Allele	 0.891	 0.903	 0.904	 0.888	 0.915	 0.875	 0.867	 0.919	 0.939
	Allele	 0.666	 0.557	 0.636	 0.476	 0.491	 0.579	 0.690	 0.569	 0.599

************************************************

	number of alleles sampled : 
	Allele	    10	     9	     9	    10	     8	    10	     7	     5	     4	    13
	Allele	    11	    12	    13	    10	    12	    12	    11	     8	    10	    17
	Allele	     8	     6	     5	     8	     5	     6	     8	     6	     4	    13
	Allele	     3	     4	     4	     4	     3	     3	     3	     3	     3	     5
	Allele	     2	     1	     1	     1	     1	     1	     1	     1	     1	     2
	Allele	     7	     6	     6	     7	     7	     7	     6	     6	     6	    10
	Allele	     4	     4	     5	     4	     3	     4	     3	     3	     3	     7
	Allele	    15	    16	    17	    15	    11	    16	    15	    15	    15	    25
	Allele	     5	     4	     7	     5	     5	     6	     6	     8	     6	    10

************************************************

	Allelic Richness per locus and population
	based on min. sample size of:   15 diploid individuals.
	Allele	 7.438	 6.996	 7.559	 7.637	 7.636	 7.325	 5.963	 4.682	 3.489	 6.765
	Allele	 8.492	10.311	10.321	 8.964	11.293	 9.759	 8.784	 6.624	 8.046	 9.528
	Allele	 6.338	 5.366	 4.665	 6.109	 5.000	 5.366	 6.607	 5.067	 3.864	 5.799
	Allele	 2.962	 3.529	 3.469	 3.353	 2.989	 2.495	 2.918	 2.951	 2.623	 3.080
	Allele	 1.500	 1.000	 1.000	 1.000	 1.000	 1.000	 1.000	 1.000	 1.000	 1.063
	Allele	 5.636	 5.253	 5.447	 5.869	 6.619	 6.456	 5.369	 5.812	 5.437	 5.801
	Allele	 3.762	 3.499	 3.999	 3.499	 2.999	 3.517	 2.997	 2.623	 2.620	 3.456
	Allele	11.628	12.287	13.237	11.692	10.741	12.240	11.389	13.142	13.451	12.887
	Allele	 4.948	 3.888	 5.859	 4.136	 4.968	 5.257	 5.331	 6.692	 5.282	 5.109
